[2021-09-28 10:16:05.699] [task-5] ERROR o.s.a.i.SimpleAsyncUncaughtExceptionHandler : Unexpected exception occurred invoking async method: public void com.miniw.fesweb.task.ScheduledTask.sealNumAccountTask()
feign.FeignException$InternalServerError: [500 Internal Server Error] during [GET] to [https://tj2.mini1.cn/miniworld?k=16260&v1&v2=999&v3=0.43.0&v4=CN&v5=0&v6=10&v7=56&v8=56] [OpenLogsClient#openLog(String,String,String,String,String,String,int,Integer,Integer)]: [505 error
]
	at feign.FeignException.serverErrorStatus(FeignException.java:231)
	at feign.FeignException.errorStatus(FeignException.java:180)
	at feign.FeignException.errorStatus(FeignException.java:169)
	at feign.codec.ErrorDecoder$Default.decode(ErrorDecoder.java:92)
	at feign.AsyncResponseHandler.handleResponse(AsyncResponseHandler.java:96)
	at feign.SynchronousMethodHandler.executeAndDecode(SynchronousMethodHandler.java:138)
	at feign.SynchronousMethodHandler.invoke(SynchronousMethodHandler.java:89)
	at feign.ReflectiveFeign$FeignInvocationHandler.invoke(ReflectiveFeign.java:100)
	at com.sun.proxy.$Proxy95.openLog(Unknown Source)
	at com.miniw.fesweb.task.ScheduledTask.lambda$sealNumAccountTask$2(ScheduledTask.java:270)
	at java.util.Arrays$ArrayList.forEach(Arrays.java:3880)
	at com.miniw.fesweb.task.ScheduledTask.sealNumAccountTask(ScheduledTask.java:265)
	at com.miniw.fesweb.task.ScheduledTask$$FastClassBySpringCGLIB$$3e78ce9c.invoke(<generated>)
	at org.springframework.cglib.proxy.MethodProxy.invoke(MethodProxy.java:218)
	at org.springframework.aop.framework.CglibAopProxy$CglibMethodInvocation.invokeJoinpoint(CglibAopProxy.java:779)
	at org.springframework.aop.framework.ReflectiveMethodInvocation.proceed(ReflectiveMethodInvocation.java:163)
	at org.springframework.aop.framework.CglibAopProxy$CglibMethodInvocation.proceed(CglibAopProxy.java:750)
	at org.springframework.aop.interceptor.AsyncExecutionInterceptor.lambda$invoke$0(AsyncExecutionInterceptor.java:115)
	at java.util.concurrent.FutureTask.run$$$capture(FutureTask.java:266)
	at java.util.concurrent.FutureTask.run(FutureTask.java)
	at java.util.concurrent.ThreadPoolExecutor.runWorker(ThreadPoolExecutor.java:1149)
	at java.util.concurrent.ThreadPoolExecutor$Worker.run(ThreadPoolExecutor.java:624)
	at java.lang.Thread.run(Thread.java:748)
[2021-09-28 11:14:00.345] [task-5] ERROR o.s.a.i.SimpleAsyncUncaughtExceptionHandler : Unexpected exception occurred invoking async method: public void com.miniw.fesweb.task.ScheduledTask.sealNumAccountTask()
feign.FeignException$InternalServerError: [500 Internal Server Error] during [GET] to [https://indevelop.mini1.cn:8088/miniworld?k=16260&v1&v2=999&v3=0.43.0&v4=CN&v5=0&v6=10&v7=56&v8=56] [OpenLogsClient#openLog(String,String,String,String,String,String,int,Integer,Integer)]: [
php parse error...

]
	at feign.FeignException.serverErrorStatus(FeignException.java:231)
	at feign.FeignException.errorStatus(FeignException.java:180)
	at feign.FeignException.errorStatus(FeignException.java:169)
	at feign.codec.ErrorDecoder$Default.decode(ErrorDecoder.java:92)
	at feign.AsyncResponseHandler.handleResponse(AsyncResponseHandler.java:96)
	at feign.SynchronousMethodHandler.executeAndDecode(SynchronousMethodHandler.java:138)
	at feign.SynchronousMethodHandler.invoke(SynchronousMethodHandler.java:89)
	at feign.ReflectiveFeign$FeignInvocationHandler.invoke(ReflectiveFeign.java:100)
	at com.sun.proxy.$Proxy95.openLog(Unknown Source)
	at com.miniw.fesweb.task.ScheduledTask.lambda$sealNumAccountTask$2(ScheduledTask.java:272)
	at java.util.Arrays$ArrayList.forEach(Arrays.java:3880)
	at com.miniw.fesweb.task.ScheduledTask.sealNumAccountTask(ScheduledTask.java:265)
	at com.miniw.fesweb.task.ScheduledTask$$FastClassBySpringCGLIB$$3e78ce9c.invoke(<generated>)
	at org.springframework.cglib.proxy.MethodProxy.invoke(MethodProxy.java:218)
	at org.springframework.aop.framework.CglibAopProxy$CglibMethodInvocation.invokeJoinpoint(CglibAopProxy.java:779)
	at org.springframework.aop.framework.ReflectiveMethodInvocation.proceed(ReflectiveMethodInvocation.java:163)
	at org.springframework.aop.framework.CglibAopProxy$CglibMethodInvocation.proceed(CglibAopProxy.java:750)
	at org.springframework.aop.interceptor.AsyncExecutionInterceptor.lambda$invoke$0(AsyncExecutionInterceptor.java:115)
	at java.util.concurrent.FutureTask.run$$$capture(FutureTask.java:266)
	at java.util.concurrent.FutureTask.run(FutureTask.java)
	at java.util.concurrent.ThreadPoolExecutor.runWorker(ThreadPoolExecutor.java:1149)
	at java.util.concurrent.ThreadPoolExecutor$Worker.run(ThreadPoolExecutor.java:624)
	at java.lang.Thread.run(Thread.java:748)
[2021-09-28 11:15:00.004] [task-7] ERROR o.s.a.i.SimpleAsyncUncaughtExceptionHandler : Unexpected exception occurred invoking async method: public void com.miniw.fesweb.task.ScheduledTask.sealNumAccountTask()
feign.FeignException$InternalServerError: [500 Internal Server Error] during [GET] to [https://indevelop.mini1.cn:8088/miniworld?k=16260&v1&v2=999&v3=0.43.0&v4=CN&v5=0&v6=10&v7=56&v8=56] [OpenLogsClient#openLog(String,String,String,String,String,String,int,Integer,Integer)]: [
php parse error...

]
	at feign.FeignException.serverErrorStatus(FeignException.java:231)
	at feign.FeignException.errorStatus(FeignException.java:180)
	at feign.FeignException.errorStatus(FeignException.java:169)
	at feign.codec.ErrorDecoder$Default.decode(ErrorDecoder.java:92)
	at feign.AsyncResponseHandler.handleResponse(AsyncResponseHandler.java:96)
	at feign.SynchronousMethodHandler.executeAndDecode(SynchronousMethodHandler.java:138)
	at feign.SynchronousMethodHandler.invoke(SynchronousMethodHandler.java:89)
	at feign.ReflectiveFeign$FeignInvocationHandler.invoke(ReflectiveFeign.java:100)
	at com.sun.proxy.$Proxy95.openLog(Unknown Source)
	at com.miniw.fesweb.task.ScheduledTask.lambda$sealNumAccountTask$2(ScheduledTask.java:272)
	at java.util.Arrays$ArrayList.forEach(Arrays.java:3880)
	at com.miniw.fesweb.task.ScheduledTask.sealNumAccountTask(ScheduledTask.java:265)
	at com.miniw.fesweb.task.ScheduledTask$$FastClassBySpringCGLIB$$3e78ce9c.invoke(<generated>)
	at org.springframework.cglib.proxy.MethodProxy.invoke(MethodProxy.java:218)
	at org.springframework.aop.framework.CglibAopProxy$CglibMethodInvocation.invokeJoinpoint(CglibAopProxy.java:779)
	at org.springframework.aop.framework.ReflectiveMethodInvocation.proceed(ReflectiveMethodInvocation.java:163)
	at org.springframework.aop.framework.CglibAopProxy$CglibMethodInvocation.proceed(CglibAopProxy.java:750)
	at org.springframework.aop.interceptor.AsyncExecutionInterceptor.lambda$invoke$0(AsyncExecutionInterceptor.java:115)
	at java.util.concurrent.FutureTask.run$$$capture(FutureTask.java:266)
	at java.util.concurrent.FutureTask.run(FutureTask.java)
	at java.util.concurrent.ThreadPoolExecutor.runWorker(ThreadPoolExecutor.java:1149)
	at java.util.concurrent.ThreadPoolExecutor$Worker.run(ThreadPoolExecutor.java:624)
	at java.lang.Thread.run(Thread.java:748)
