[2021-09-06 11:22:12.449] [task-2] ERROR o.s.a.i.SimpleAsyncUncaughtExceptionHandler : Unexpected exception occurred invoking async method: public void com.miniw.fesweb.task.ScheduledTask.preSaleOfYueWuShuang()
org.springframework.data.redis.RedisSystemException: Redis command interrupted; nested exception is io.lettuce.core.RedisCommandInterruptedException: Command interrupted
	at org.springframework.data.redis.connection.lettuce.LettuceExceptionConverter.convert(LettuceExceptionConverter.java:62)
	at org.springframework.data.redis.connection.lettuce.LettuceExceptionConverter.convert(LettuceExceptionConverter.java:41)
	at org.springframework.data.redis.PassThroughExceptionTranslationStrategy.translate(PassThroughExceptionTranslationStrategy.java:44)
	at org.springframework.data.redis.FallbackExceptionTranslationStrategy.translate(FallbackExceptionTranslationStrategy.java:42)
	at org.springframework.data.redis.connection.lettuce.LettuceConnection.convertLettuceAccessException(LettuceConnection.java:274)
	at org.springframework.data.redis.connection.lettuce.LettuceZSetCommands.convertLettuceAccessException(LettuceZSetCommands.java:980)
	at org.springframework.data.redis.connection.lettuce.LettuceZSetCommands.zRangeByScore(LettuceZSetCommands.java:853)
	at org.springframework.data.redis.connection.DefaultedRedisConnection.zRangeByScore(DefaultedRedisConnection.java:975)
	at org.springframework.data.redis.connection.RedisZSetCommands.zRangeByScore(RedisZSetCommands.java:553)
	at org.springframework.data.redis.connection.DefaultStringRedisConnection.zRangeByScore(DefaultStringRedisConnection.java:1417)
	at org.springframework.data.redis.core.DefaultZSetOperations.lambda$rangeByScore$12(DefaultZSetOperations.java:215)
	at org.springframework.data.redis.core.RedisTemplate.execute(RedisTemplate.java:222)
	at org.springframework.data.redis.core.RedisTemplate.execute(RedisTemplate.java:189)
	at org.springframework.data.redis.core.AbstractOperations.execute(AbstractOperations.java:96)
	at org.springframework.data.redis.core.DefaultZSetOperations.rangeByScore(DefaultZSetOperations.java:215)
	at com.miniw.fescommon.utils.RedisUtil.zRangeByScore(RedisUtil.java:341)
	at com.miniw.fesweb.task.ScheduledTask.preSaleOfYueWuShuang(ScheduledTask.java:214)
	at com.miniw.fesweb.task.ScheduledTask$$FastClassBySpringCGLIB$$3e78ce9c.invoke(<generated>)
	at org.springframework.cglib.proxy.MethodProxy.invoke(MethodProxy.java:218)
	at org.springframework.aop.framework.CglibAopProxy$CglibMethodInvocation.invokeJoinpoint(CglibAopProxy.java:779)
	at org.springframework.aop.framework.ReflectiveMethodInvocation.proceed(ReflectiveMethodInvocation.java:163)
	at org.springframework.aop.framework.CglibAopProxy$CglibMethodInvocation.proceed(CglibAopProxy.java:750)
	at org.springframework.aop.interceptor.AsyncExecutionInterceptor.lambda$invoke$0(AsyncExecutionInterceptor.java:115)
	at java.util.concurrent.FutureTask.run$$$capture(FutureTask.java:266)
	at java.util.concurrent.FutureTask.run(FutureTask.java)
	at java.util.concurrent.ThreadPoolExecutor.runWorker(ThreadPoolExecutor.java:1149)
	at java.util.concurrent.ThreadPoolExecutor$Worker.run(ThreadPoolExecutor.java:624)
	at java.lang.Thread.run(Thread.java:748)
Caused by: io.lettuce.core.RedisCommandInterruptedException: Command interrupted
	at io.lettuce.core.protocol.AsyncCommand.await(AsyncCommand.java:87)
	at io.lettuce.core.internal.Futures.awaitOrCancel(Futures.java:244)
	at io.lettuce.core.FutureSyncInvocationHandler.handleInvocation(FutureSyncInvocationHandler.java:75)
	at io.lettuce.core.internal.AbstractInvocationHandler.invoke(AbstractInvocationHandler.java:80)
	at com.sun.proxy.$Proxy122.zrangebyscore(Unknown Source)
	at org.springframework.data.redis.connection.lettuce.LettuceZSetCommands.zRangeByScore(LettuceZSetCommands.java:851)
	... 21 common frames omitted
Caused by: java.lang.InterruptedException: null
	at java.util.concurrent.CompletableFuture.reportGet(CompletableFuture.java:347)
	at java.util.concurrent.CompletableFuture.get(CompletableFuture.java:1915)
	at io.lettuce.core.protocol.AsyncCommand.await(AsyncCommand.java:83)
	... 26 common frames omitted
[2021-09-06 11:22:12.449] [task-1] ERROR o.s.a.i.SimpleAsyncUncaughtExceptionHandler : Unexpected exception occurred invoking async method: public void com.miniw.fesweb.task.ScheduledTask.preSaleOfLiuXianEr()
org.springframework.data.redis.RedisSystemException: Redis command interrupted; nested exception is io.lettuce.core.RedisCommandInterruptedException: Command interrupted
	at org.springframework.data.redis.connection.lettuce.LettuceExceptionConverter.convert(LettuceExceptionConverter.java:62)
	at org.springframework.data.redis.connection.lettuce.LettuceExceptionConverter.convert(LettuceExceptionConverter.java:41)
	at org.springframework.data.redis.PassThroughExceptionTranslationStrategy.translate(PassThroughExceptionTranslationStrategy.java:44)
	at org.springframework.data.redis.FallbackExceptionTranslationStrategy.translate(FallbackExceptionTranslationStrategy.java:42)
	at org.springframework.data.redis.connection.lettuce.LettuceConnection.convertLettuceAccessException(LettuceConnection.java:274)
	at org.springframework.data.redis.connection.lettuce.LettuceZSetCommands.convertLettuceAccessException(LettuceZSetCommands.java:980)
	at org.springframework.data.redis.connection.lettuce.LettuceZSetCommands.zRangeByScore(LettuceZSetCommands.java:853)
	at org.springframework.data.redis.connection.DefaultedRedisConnection.zRangeByScore(DefaultedRedisConnection.java:975)
	at org.springframework.data.redis.connection.RedisZSetCommands.zRangeByScore(RedisZSetCommands.java:553)
	at org.springframework.data.redis.connection.DefaultStringRedisConnection.zRangeByScore(DefaultStringRedisConnection.java:1417)
	at org.springframework.data.redis.core.DefaultZSetOperations.lambda$rangeByScore$12(DefaultZSetOperations.java:215)
	at org.springframework.data.redis.core.RedisTemplate.execute(RedisTemplate.java:222)
	at org.springframework.data.redis.core.RedisTemplate.execute(RedisTemplate.java:189)
	at org.springframework.data.redis.core.AbstractOperations.execute(AbstractOperations.java:96)
	at org.springframework.data.redis.core.DefaultZSetOperations.rangeByScore(DefaultZSetOperations.java:215)
	at com.miniw.fescommon.utils.RedisUtil.zRangeByScore(RedisUtil.java:341)
	at com.miniw.fesweb.task.ScheduledTask.preSaleOfLiuXianEr(ScheduledTask.java:169)
	at com.miniw.fesweb.task.ScheduledTask$$FastClassBySpringCGLIB$$3e78ce9c.invoke(<generated>)
	at org.springframework.cglib.proxy.MethodProxy.invoke(MethodProxy.java:218)
	at org.springframework.aop.framework.CglibAopProxy$CglibMethodInvocation.invokeJoinpoint(CglibAopProxy.java:779)
	at org.springframework.aop.framework.ReflectiveMethodInvocation.proceed(ReflectiveMethodInvocation.java:163)
	at org.springframework.aop.framework.CglibAopProxy$CglibMethodInvocation.proceed(CglibAopProxy.java:750)
	at org.springframework.aop.interceptor.AsyncExecutionInterceptor.lambda$invoke$0(AsyncExecutionInterceptor.java:115)
	at java.util.concurrent.FutureTask.run$$$capture(FutureTask.java:266)
	at java.util.concurrent.FutureTask.run(FutureTask.java)
	at java.util.concurrent.ThreadPoolExecutor.runWorker(ThreadPoolExecutor.java:1149)
	at java.util.concurrent.ThreadPoolExecutor$Worker.run(ThreadPoolExecutor.java:624)
	at java.lang.Thread.run(Thread.java:748)
Caused by: io.lettuce.core.RedisCommandInterruptedException: Command interrupted
	at io.lettuce.core.protocol.AsyncCommand.await(AsyncCommand.java:87)
	at io.lettuce.core.internal.Futures.awaitOrCancel(Futures.java:244)
	at io.lettuce.core.FutureSyncInvocationHandler.handleInvocation(FutureSyncInvocationHandler.java:75)
	at io.lettuce.core.internal.AbstractInvocationHandler.invoke(AbstractInvocationHandler.java:80)
	at com.sun.proxy.$Proxy122.zrangebyscore(Unknown Source)
	at org.springframework.data.redis.connection.lettuce.LettuceZSetCommands.zRangeByScore(LettuceZSetCommands.java:851)
	... 21 common frames omitted
Caused by: java.lang.InterruptedException: null
	at java.util.concurrent.CompletableFuture.reportGet(CompletableFuture.java:347)
	at java.util.concurrent.CompletableFuture.get(CompletableFuture.java:1915)
	at io.lettuce.core.protocol.AsyncCommand.await(AsyncCommand.java:83)
	... 26 common frames omitted
