[2021-10-11 18:15:16.233] [main] INFO  com.miniw.fesweb.FesWebApplication : Starting FesWebApplication using Java 1.8.0_221 on luoquandeMacBook-Pro.local with PID 7762 (/Users/blacker/IdeaProjects/mini-festival/fes-web/target/classes started by blacker in /Users/blacker/IdeaProjects/mini-festival)
[2021-10-11 18:15:16.236] [main] INFO  com.miniw.fesweb.FesWebApplication : The following profiles are active: dev
[2021-10-11 18:15:17.098] [main] INFO  o.s.d.r.c.RepositoryConfigurationDelegate : Multiple Spring Data modules found, entering strict repository configuration mode!
[2021-10-11 18:15:17.101] [main] INFO  o.s.d.r.c.RepositoryConfigurationDelegate : Bootstrapping Spring Data Redis repositories in DEFAULT mode.
[2021-10-11 18:15:17.127] [main] INFO  o.s.d.r.c.RepositoryConfigurationDelegate : Finished Spring Data repository scanning in 9 ms. Found 0 Redis repository interfaces.
[2021-10-11 18:15:17.252] [main] INFO  o.s.c.a.ConfigurationClassPostProcessor : Cannot enhance @Configuration bean definition 'mybatisPlusConfig' since its singleton instance has been created too early. The typical cause is a non-static @Bean method with a BeanDefinitionRegistryPostProcessor return type: Consider declaring such methods as 'static'.
[2021-10-11 18:15:17.315] [main] INFO  o.s.cloud.context.scope.GenericScope : BeanFactory id=e54ce3fc-7262-3390-af25-f2057ffc7bcf
[2021-10-11 18:15:17.723] [main] INFO  o.s.b.w.e.tomcat.TomcatWebServer : Tomcat initialized with port(s): 5090 (http)
[2021-10-11 18:15:17.732] [main] INFO  o.a.coyote.http11.Http11NioProtocol : Initializing ProtocolHandler ["http-nio-5090"]
[2021-10-11 18:15:17.733] [main] INFO  o.a.catalina.core.StandardService : Starting service [Tomcat]
[2021-10-11 18:15:17.733] [main] INFO  o.a.catalina.core.StandardEngine : Starting Servlet engine: [Apache Tomcat/9.0.44]
[2021-10-11 18:15:17.829] [main] INFO  o.a.c.c.C.[Tomcat].[localhost].[/] : Initializing Spring embedded WebApplicationContext
[2021-10-11 18:15:17.829] [main] INFO  o.s.b.w.s.c.ServletWebServerApplicationContext : Root WebApplicationContext: initialization completed in 1527 ms
[2021-10-11 18:15:18.579] [main] INFO  org.redisson.Version : Redisson 3.12.0
[2021-10-11 18:15:18.882] [redisson-netty-4-6] INFO  o.r.c.pool.MasterConnectionPool : 2 connections initialized for 139.9.201.112/139.9.201.112:6000
[2021-10-11 18:15:18.882] [redisson-netty-4-5] INFO  o.r.c.p.MasterPubSubConnectionPool : 1 connections initialized for 139.9.201.112/139.9.201.112:6000
[2021-10-11 18:15:19.708] [main] INFO  o.s.s.c.ThreadPoolTaskExecutor : Initializing ExecutorService 'applicationTaskExecutor'
[2021-10-11 18:15:19.974] [main] INFO  o.s.s.c.ThreadPoolTaskScheduler : Initializing ExecutorService 'taskScheduler'
[2021-10-11 18:15:20.071] [main] INFO  o.a.coyote.http11.Http11NioProtocol : Starting ProtocolHandler ["http-nio-5090"]
[2021-10-11 18:15:20.085] [main] INFO  o.s.b.w.e.tomcat.TomcatWebServer : Tomcat started on port(s): 5090 (http) with context path ''
[2021-10-11 18:15:20.099] [main] INFO  com.miniw.fesweb.FesWebApplication : Started FesWebApplication in 4.516 seconds (JVM running for 5.358)
[2021-10-11 18:16:00.016] [task-3] INFO  com.miniw.fesweb.task.ScheduledTask : time - 2021-10-11T18:16:00.016, threadName - task-3正在执行月无双预售发放礼包任务
[2021-10-11 18:16:00.016] [task-2] INFO  com.miniw.fesweb.task.ScheduledTask : time - 2021-10-11T18:16:00.016, threadName - task-2正在执行柳仙儿预售发放礼包任务
[2021-10-11 18:17:00.005] [task-5] INFO  com.miniw.fesweb.task.ScheduledTask : time - 2021-10-11T18:17:00.005, threadName - task-5正在执行柳仙儿预售发放礼包任务
[2021-10-11 18:17:00.007] [task-8] INFO  com.miniw.fesweb.task.ScheduledTask : time - 2021-10-11T18:17:00.007, threadName - task-8正在执行月无双预售发放礼包任务
[2021-10-11 18:18:00.005] [task-10] INFO  com.miniw.fesweb.task.ScheduledTask : time - 2021-10-11T18:18:00.005, threadName - task-10正在执行月无双预售发放礼包任务
[2021-10-11 18:18:00.006] [task-11] INFO  com.miniw.fesweb.task.ScheduledTask : time - 2021-10-11T18:18:00.006, threadName - task-11正在执行柳仙儿预售发放礼包任务
[2021-10-11 18:18:37.532] [http-nio-5090-exec-1] INFO  o.a.c.c.C.[Tomcat].[localhost].[/] : Initializing Spring DispatcherServlet 'dispatcherServlet'
[2021-10-11 18:19:00.155] [task-14] INFO  com.miniw.fesweb.task.ScheduledTask : time - 2021-10-11T18:19:00.155, threadName - task-14正在执行月无双预售发放礼包任务
[2021-10-11 18:19:00.156] [task-16] INFO  com.miniw.fesweb.task.ScheduledTask : time - 2021-10-11T18:19:00.156, threadName - task-16正在执行柳仙儿预售发放礼包任务
[2021-10-11 18:19:52.466] [SpringContextShutdownHook] INFO  o.s.s.c.ThreadPoolTaskScheduler : Shutting down ExecutorService 'taskScheduler'
[2021-10-11 18:19:52.466] [SpringContextShutdownHook] INFO  o.s.s.c.ThreadPoolTaskExecutor : Shutting down ExecutorService 'applicationTaskExecutor'
