[2021-09-28 10:14:08.112] [main] INFO  com.miniw.fesweb.FesWebApplication : Starting FesWebApplication using Java 1.8.0_221 on luoquandeMacBook-Pro.local with PID 12546 (/Users/blacker/IdeaProjects/mini-festival/fes-web/target/classes started by blacker in /Users/blacker/IdeaProjects/mini-festival)
[2021-09-28 10:14:08.115] [main] INFO  com.miniw.fesweb.FesWebApplication : The following profiles are active: dev
[2021-09-28 10:14:09.068] [main] INFO  o.s.d.r.c.RepositoryConfigurationDelegate : Multiple Spring Data modules found, entering strict repository configuration mode!
[2021-09-28 10:14:09.071] [main] INFO  o.s.d.r.c.RepositoryConfigurationDelegate : Bootstrapping Spring Data Redis repositories in DEFAULT mode.
[2021-09-28 10:14:09.102] [main] INFO  o.s.d.r.c.RepositoryConfigurationDelegate : Finished Spring Data repository scanning in 11 ms. Found 0 Redis repository interfaces.
[2021-09-28 10:14:09.273] [main] INFO  o.s.c.a.ConfigurationClassPostProcessor : Cannot enhance @Configuration bean definition 'mybatisPlusConfig' since its singleton instance has been created too early. The typical cause is a non-static @Bean method with a BeanDefinitionRegistryPostProcessor return type: Consider declaring such methods as 'static'.
[2021-09-28 10:14:09.339] [main] INFO  o.s.cloud.context.scope.GenericScope : BeanFactory id=49b9491e-e1c8-35ae-8003-390f7cacad72
[2021-09-28 10:14:09.698] [main] INFO  o.s.b.w.e.tomcat.TomcatWebServer : Tomcat initialized with port(s): 5090 (http)
[2021-09-28 10:14:09.706] [main] INFO  o.a.coyote.http11.Http11NioProtocol : Initializing ProtocolHandler ["http-nio-5090"]
[2021-09-28 10:14:09.707] [main] INFO  o.a.catalina.core.StandardService : Starting service [Tomcat]
[2021-09-28 10:14:09.707] [main] INFO  o.a.catalina.core.StandardEngine : Starting Servlet engine: [Apache Tomcat/9.0.44]
[2021-09-28 10:14:09.805] [main] INFO  o.a.c.c.C.[Tomcat].[localhost].[/] : Initializing Spring embedded WebApplicationContext
[2021-09-28 10:14:09.805] [main] INFO  o.s.b.w.s.c.ServletWebServerApplicationContext : Root WebApplicationContext: initialization completed in 1629 ms
[2021-09-28 10:14:10.714] [main] INFO  org.redisson.Version : Redisson 3.12.0
[2021-09-28 10:14:10.964] [redisson-netty-4-6] INFO  o.r.c.pool.MasterConnectionPool : 2 connections initialized for 10.0.0.203/10.0.0.203:6379
[2021-09-28 10:14:10.964] [redisson-netty-4-7] INFO  o.r.c.p.MasterPubSubConnectionPool : 1 connections initialized for 10.0.0.203/10.0.0.203:6379
[2021-09-28 10:14:11.875] [main] INFO  o.s.s.c.ThreadPoolTaskExecutor : Initializing ExecutorService 'applicationTaskExecutor'
[2021-09-28 10:14:12.158] [main] INFO  o.s.s.c.ThreadPoolTaskScheduler : Initializing ExecutorService 'taskScheduler'
[2021-09-28 10:14:12.252] [main] INFO  o.a.coyote.http11.Http11NioProtocol : Starting ProtocolHandler ["http-nio-5090"]
[2021-09-28 10:14:12.269] [main] INFO  o.s.b.w.e.tomcat.TomcatWebServer : Tomcat started on port(s): 5090 (http) with context path ''
[2021-09-28 10:14:12.282] [main] INFO  com.miniw.fesweb.FesWebApplication : Started FesWebApplication in 4.848 seconds (JVM running for 5.74)
[2021-09-28 10:15:00.006] [task-4] INFO  com.miniw.fesweb.task.ScheduledTask : time - 2021-09-28T10:15:00.006, threadName - task-4正在执行月无双预售发放礼包任务
[2021-09-28 10:15:00.006] [task-3] INFO  com.miniw.fesweb.task.ScheduledTask : time - 2021-09-28T10:15:00.006, threadName - task-3正在执行柳仙儿预售发放礼包任务
[2021-09-28 10:16:02.992] [task-6] INFO  com.miniw.fesweb.task.ScheduledTask : time - 2021-09-28T10:16:02.992, threadName - task-6正在执行柳仙儿预售发放礼包任务
[2021-09-28 10:16:02.992] [task-5] INFO  com.miniw.fesweb.task.ScheduledTask : 累计积分奖励产出情况任务执行 - 2021-09-28T10:16:02.991
[2021-09-28 10:16:02.994] [task-8] INFO  com.miniw.fesweb.task.ScheduledTask : time - 2021-09-28T10:16:02.994, threadName - task-8正在执行月无双预售发放礼包任务
[2021-09-28 10:16:59.998] [task-10] INFO  com.miniw.fesweb.task.ScheduledTask : time - 2021-09-28T10:16:59.998, threadName - task-10正在执行柳仙儿预售发放礼包任务
[2021-09-28 10:17:00.000] [task-12] INFO  com.miniw.fesweb.task.ScheduledTask : time - 2021-09-28T10:17, threadName - task-12正在执行月无双预售发放礼包任务
[2021-09-28 10:17:49.301] [SpringContextShutdownHook] INFO  o.s.s.c.ThreadPoolTaskScheduler : Shutting down ExecutorService 'taskScheduler'
[2021-09-28 10:17:49.302] [SpringContextShutdownHook] INFO  o.s.s.c.ThreadPoolTaskExecutor : Shutting down ExecutorService 'applicationTaskExecutor'
[2021-09-28 11:12:44.558] [main] INFO  com.miniw.fesweb.FesWebApplication : Starting FesWebApplication using Java 1.8.0_221 on luoquandeMacBook-Pro.local with PID 13153 (/Users/blacker/IdeaProjects/mini-festival/fes-web/target/classes started by blacker in /Users/blacker/IdeaProjects/mini-festival)
[2021-09-28 11:12:44.563] [main] INFO  com.miniw.fesweb.FesWebApplication : The following profiles are active: dev
[2021-09-28 11:12:45.700] [main] INFO  o.s.d.r.c.RepositoryConfigurationDelegate : Multiple Spring Data modules found, entering strict repository configuration mode!
[2021-09-28 11:12:45.704] [main] INFO  o.s.d.r.c.RepositoryConfigurationDelegate : Bootstrapping Spring Data Redis repositories in DEFAULT mode.
[2021-09-28 11:12:45.738] [main] INFO  o.s.d.r.c.RepositoryConfigurationDelegate : Finished Spring Data repository scanning in 13 ms. Found 0 Redis repository interfaces.
[2021-09-28 11:12:45.945] [main] INFO  o.s.c.a.ConfigurationClassPostProcessor : Cannot enhance @Configuration bean definition 'mybatisPlusConfig' since its singleton instance has been created too early. The typical cause is a non-static @Bean method with a BeanDefinitionRegistryPostProcessor return type: Consider declaring such methods as 'static'.
[2021-09-28 11:12:46.026] [main] INFO  o.s.cloud.context.scope.GenericScope : BeanFactory id=49b9491e-e1c8-35ae-8003-390f7cacad72
[2021-09-28 11:12:46.588] [main] INFO  o.s.b.w.e.tomcat.TomcatWebServer : Tomcat initialized with port(s): 5090 (http)
[2021-09-28 11:12:46.602] [main] INFO  o.a.coyote.http11.Http11NioProtocol : Initializing ProtocolHandler ["http-nio-5090"]
[2021-09-28 11:12:46.603] [main] INFO  o.a.catalina.core.StandardService : Starting service [Tomcat]
[2021-09-28 11:12:46.603] [main] INFO  o.a.catalina.core.StandardEngine : Starting Servlet engine: [Apache Tomcat/9.0.44]
[2021-09-28 11:12:46.731] [main] INFO  o.a.c.c.C.[Tomcat].[localhost].[/] : Initializing Spring embedded WebApplicationContext
[2021-09-28 11:12:46.731] [main] INFO  o.s.b.w.s.c.ServletWebServerApplicationContext : Root WebApplicationContext: initialization completed in 2098 ms
[2021-09-28 11:12:47.705] [main] INFO  org.redisson.Version : Redisson 3.12.0
[2021-09-28 11:12:48.074] [redisson-netty-4-6] INFO  o.r.c.p.MasterPubSubConnectionPool : 1 connections initialized for 10.0.0.203/10.0.0.203:6379
[2021-09-28 11:12:48.074] [redisson-netty-4-7] INFO  o.r.c.pool.MasterConnectionPool : 2 connections initialized for 10.0.0.203/10.0.0.203:6379
[2021-09-28 11:12:49.095] [main] INFO  o.s.s.c.ThreadPoolTaskExecutor : Initializing ExecutorService 'applicationTaskExecutor'
[2021-09-28 11:12:49.413] [main] INFO  o.s.s.c.ThreadPoolTaskScheduler : Initializing ExecutorService 'taskScheduler'
[2021-09-28 11:12:49.544] [main] INFO  o.a.coyote.http11.Http11NioProtocol : Starting ProtocolHandler ["http-nio-5090"]
[2021-09-28 11:12:49.560] [main] INFO  o.s.b.w.e.tomcat.TomcatWebServer : Tomcat started on port(s): 5090 (http) with context path ''
[2021-09-28 11:12:49.576] [main] INFO  com.miniw.fesweb.FesWebApplication : Started FesWebApplication in 6.731 seconds (JVM running for 7.601)
[2021-09-28 11:13:00.014] [task-3] INFO  com.miniw.fesweb.task.ScheduledTask : time - 2021-09-28T11:13:00.014, threadName - task-3正在执行柳仙儿预售发放礼包任务
[2021-09-28 11:13:00.014] [task-4] INFO  com.miniw.fesweb.task.ScheduledTask : time - 2021-09-28T11:13:00.014, threadName - task-4正在执行月无双预售发放礼包任务
[2021-09-28 11:13:40.940] [SpringContextShutdownHook] INFO  o.s.s.c.ThreadPoolTaskScheduler : Shutting down ExecutorService 'taskScheduler'
[2021-09-28 11:13:40.941] [SpringContextShutdownHook] INFO  o.s.s.c.ThreadPoolTaskExecutor : Shutting down ExecutorService 'applicationTaskExecutor'
[2021-09-28 11:13:44.912] [main] INFO  com.miniw.fesweb.FesWebApplication : Starting FesWebApplication using Java 1.8.0_221 on luoquandeMacBook-Pro.local with PID 13183 (/Users/blacker/IdeaProjects/mini-festival/fes-web/target/classes started by blacker in /Users/blacker/IdeaProjects/mini-festival)
[2021-09-28 11:13:44.915] [main] INFO  com.miniw.fesweb.FesWebApplication : The following profiles are active: dev
[2021-09-28 11:13:45.794] [main] INFO  o.s.d.r.c.RepositoryConfigurationDelegate : Multiple Spring Data modules found, entering strict repository configuration mode!
[2021-09-28 11:13:45.796] [main] INFO  o.s.d.r.c.RepositoryConfigurationDelegate : Bootstrapping Spring Data Redis repositories in DEFAULT mode.
[2021-09-28 11:13:45.820] [main] INFO  o.s.d.r.c.RepositoryConfigurationDelegate : Finished Spring Data repository scanning in 11 ms. Found 0 Redis repository interfaces.
[2021-09-28 11:13:45.957] [main] INFO  o.s.c.a.ConfigurationClassPostProcessor : Cannot enhance @Configuration bean definition 'mybatisPlusConfig' since its singleton instance has been created too early. The typical cause is a non-static @Bean method with a BeanDefinitionRegistryPostProcessor return type: Consider declaring such methods as 'static'.
[2021-09-28 11:13:46.028] [main] INFO  o.s.cloud.context.scope.GenericScope : BeanFactory id=49b9491e-e1c8-35ae-8003-390f7cacad72
[2021-09-28 11:13:46.436] [main] INFO  o.s.b.w.e.tomcat.TomcatWebServer : Tomcat initialized with port(s): 5090 (http)
[2021-09-28 11:13:46.446] [main] INFO  o.a.coyote.http11.Http11NioProtocol : Initializing ProtocolHandler ["http-nio-5090"]
[2021-09-28 11:13:46.447] [main] INFO  o.a.catalina.core.StandardService : Starting service [Tomcat]
[2021-09-28 11:13:46.447] [main] INFO  o.a.catalina.core.StandardEngine : Starting Servlet engine: [Apache Tomcat/9.0.44]
[2021-09-28 11:13:46.550] [main] INFO  o.a.c.c.C.[Tomcat].[localhost].[/] : Initializing Spring embedded WebApplicationContext
[2021-09-28 11:13:46.550] [main] INFO  o.s.b.w.s.c.ServletWebServerApplicationContext : Root WebApplicationContext: initialization completed in 1587 ms
[2021-09-28 11:13:47.298] [main] INFO  org.redisson.Version : Redisson 3.12.0
[2021-09-28 11:13:47.544] [redisson-netty-4-7] INFO  o.r.c.pool.MasterConnectionPool : 2 connections initialized for 10.0.0.203/10.0.0.203:6379
[2021-09-28 11:13:47.544] [redisson-netty-4-5] INFO  o.r.c.p.MasterPubSubConnectionPool : 1 connections initialized for 10.0.0.203/10.0.0.203:6379
[2021-09-28 11:13:48.330] [main] INFO  o.s.s.c.ThreadPoolTaskExecutor : Initializing ExecutorService 'applicationTaskExecutor'
[2021-09-28 11:13:48.582] [main] INFO  o.s.s.c.ThreadPoolTaskScheduler : Initializing ExecutorService 'taskScheduler'
[2021-09-28 11:13:48.687] [main] INFO  o.a.coyote.http11.Http11NioProtocol : Starting ProtocolHandler ["http-nio-5090"]
[2021-09-28 11:13:48.700] [main] INFO  o.s.b.w.e.tomcat.TomcatWebServer : Tomcat started on port(s): 5090 (http) with context path ''
[2021-09-28 11:13:48.714] [main] INFO  com.miniw.fesweb.FesWebApplication : Started FesWebApplication in 4.36 seconds (JVM running for 5.14)
[2021-09-28 11:14:00.012] [task-5] INFO  com.miniw.fesweb.task.ScheduledTask : 累计积分奖励产出情况任务执行 - 2021-09-28T11:14:00.012
[2021-09-28 11:14:00.014] [task-3] INFO  com.miniw.fesweb.task.ScheduledTask : time - 2021-09-28T11:14:00.014, threadName - task-3正在执行柳仙儿预售发放礼包任务
[2021-09-28 11:14:00.014] [task-4] INFO  com.miniw.fesweb.task.ScheduledTask : time - 2021-09-28T11:14:00.014, threadName - task-4正在执行月无双预售发放礼包任务
[2021-09-28 11:14:00.176] [task-5] INFO  com.miniw.fesweb.task.ScheduledTask : 2021-09-28T11:14:00.176 - 当前达到人数：56, 当前领取人数：56
[2021-09-28 11:14:59.949] [task-6] INFO  com.miniw.fesweb.task.ScheduledTask : time - 2021-09-28T11:14:59.949, threadName - task-6正在执行柳仙儿预售发放礼包任务
[2021-09-28 11:14:59.950] [task-7] INFO  com.miniw.fesweb.task.ScheduledTask : 累计积分奖励产出情况任务执行 - 2021-09-28T11:14:59.950
[2021-09-28 11:14:59.953] [task-8] INFO  com.miniw.fesweb.task.ScheduledTask : time - 2021-09-28T11:14:59.953, threadName - task-8正在执行月无双预售发放礼包任务
[2021-09-28 11:14:59.957] [task-7] INFO  com.miniw.fesweb.task.ScheduledTask : 2021-09-28T11:14:59.957 - 当前达到人数：56, 当前领取人数：56
[2021-09-28 11:15:13.365] [SpringContextShutdownHook] INFO  o.s.s.c.ThreadPoolTaskScheduler : Shutting down ExecutorService 'taskScheduler'
[2021-09-28 11:15:13.366] [SpringContextShutdownHook] INFO  o.s.s.c.ThreadPoolTaskExecutor : Shutting down ExecutorService 'applicationTaskExecutor'
[2021-09-28 11:15:17.858] [main] INFO  com.miniw.fesweb.FesWebApplication : Starting FesWebApplication using Java 1.8.0_221 on luoquandeMacBook-Pro.local with PID 13201 (/Users/blacker/IdeaProjects/mini-festival/fes-web/target/classes started by blacker in /Users/blacker/IdeaProjects/mini-festival)
[2021-09-28 11:15:17.861] [main] INFO  com.miniw.fesweb.FesWebApplication : The following profiles are active: dev
[2021-09-28 11:15:18.596] [main] INFO  o.s.d.r.c.RepositoryConfigurationDelegate : Multiple Spring Data modules found, entering strict repository configuration mode!
[2021-09-28 11:15:18.597] [main] INFO  o.s.d.r.c.RepositoryConfigurationDelegate : Bootstrapping Spring Data Redis repositories in DEFAULT mode.
[2021-09-28 11:15:18.614] [main] INFO  o.s.d.r.c.RepositoryConfigurationDelegate : Finished Spring Data repository scanning in 7 ms. Found 0 Redis repository interfaces.
[2021-09-28 11:15:18.719] [main] INFO  o.s.c.a.ConfigurationClassPostProcessor : Cannot enhance @Configuration bean definition 'mybatisPlusConfig' since its singleton instance has been created too early. The typical cause is a non-static @Bean method with a BeanDefinitionRegistryPostProcessor return type: Consider declaring such methods as 'static'.
[2021-09-28 11:15:18.780] [main] INFO  o.s.cloud.context.scope.GenericScope : BeanFactory id=49b9491e-e1c8-35ae-8003-390f7cacad72
[2021-09-28 11:15:19.151] [main] INFO  o.s.b.w.e.tomcat.TomcatWebServer : Tomcat initialized with port(s): 5090 (http)
[2021-09-28 11:15:19.160] [main] INFO  o.a.coyote.http11.Http11NioProtocol : Initializing ProtocolHandler ["http-nio-5090"]
[2021-09-28 11:15:19.160] [main] INFO  o.a.catalina.core.StandardService : Starting service [Tomcat]
[2021-09-28 11:15:19.160] [main] INFO  o.a.catalina.core.StandardEngine : Starting Servlet engine: [Apache Tomcat/9.0.44]
[2021-09-28 11:15:19.242] [main] INFO  o.a.c.c.C.[Tomcat].[localhost].[/] : Initializing Spring embedded WebApplicationContext
[2021-09-28 11:15:19.243] [main] INFO  o.s.b.w.s.c.ServletWebServerApplicationContext : Root WebApplicationContext: initialization completed in 1336 ms
[2021-09-28 11:15:19.933] [main] INFO  org.redisson.Version : Redisson 3.12.0
[2021-09-28 11:15:20.130] [redisson-netty-4-6] INFO  o.r.c.p.MasterPubSubConnectionPool : 1 connections initialized for 10.0.0.203/10.0.0.203:6379
[2021-09-28 11:15:20.130] [redisson-netty-4-5] INFO  o.r.c.pool.MasterConnectionPool : 2 connections initialized for 10.0.0.203/10.0.0.203:6379
[2021-09-28 11:15:20.833] [main] INFO  o.s.s.c.ThreadPoolTaskExecutor : Initializing ExecutorService 'applicationTaskExecutor'
[2021-09-28 11:15:21.067] [main] INFO  o.s.s.c.ThreadPoolTaskScheduler : Initializing ExecutorService 'taskScheduler'
[2021-09-28 11:15:21.163] [main] INFO  o.a.coyote.http11.Http11NioProtocol : Starting ProtocolHandler ["http-nio-5090"]
[2021-09-28 11:15:21.177] [main] INFO  o.s.b.w.e.tomcat.TomcatWebServer : Tomcat started on port(s): 5090 (http) with context path ''
[2021-09-28 11:15:21.193] [main] INFO  com.miniw.fesweb.FesWebApplication : Started FesWebApplication in 3.91 seconds (JVM running for 4.671)
[2021-09-28 11:16:00.010] [task-5] INFO  com.miniw.fesweb.task.ScheduledTask : 累计积分奖励产出情况任务执行 - 2021-09-28T11:16:00.010
[2021-09-28 11:16:00.011] [task-4] INFO  com.miniw.fesweb.task.ScheduledTask : time - 2021-09-28T11:16:00.011, threadName - task-4正在执行月无双预售发放礼包任务
[2021-09-28 11:16:00.011] [task-3] INFO  com.miniw.fesweb.task.ScheduledTask : time - 2021-09-28T11:16:00.011, threadName - task-3正在执行柳仙儿预售发放礼包任务
[2021-09-28 11:16:00.156] [task-5] INFO  com.miniw.fesweb.task.ScheduledTask : 2021-09-28T11:16:00.156 - 当前达到人数：56, 当前领取人数：56
[2021-09-28 11:16:00.352] [task-5] INFO  com.miniw.fesweb.task.ScheduledTask : 2021-09-28T11:16:00.352 - 当前达到人数：50, 当前领取人数：50
[2021-09-28 11:16:00.365] [task-5] INFO  com.miniw.fesweb.task.ScheduledTask : 2021-09-28T11:16:00.365 - 当前达到人数：44, 当前领取人数：44
[2021-09-28 11:16:00.379] [task-5] INFO  com.miniw.fesweb.task.ScheduledTask : 2021-09-28T11:16:00.379 - 当前达到人数：31, 当前领取人数：31
[2021-09-28 11:16:00.392] [task-5] INFO  com.miniw.fesweb.task.ScheduledTask : 2021-09-28T11:16:00.392 - 当前达到人数：28, 当前领取人数：28
[2021-09-28 11:16:00.406] [task-5] INFO  com.miniw.fesweb.task.ScheduledTask : 2021-09-28T11:16:00.406 - 当前达到人数：28, 当前领取人数：28
[2021-09-28 11:16:00.418] [task-5] INFO  com.miniw.fesweb.task.ScheduledTask : 2021-09-28T11:16:00.418 - 当前达到人数：26, 当前领取人数：26
[2021-09-28 11:16:00.431] [task-5] INFO  com.miniw.fesweb.task.ScheduledTask : 2021-09-28T11:16:00.431 - 当前达到人数：26, 当前领取人数：26
[2021-09-28 11:16:00.444] [task-5] INFO  com.miniw.fesweb.task.ScheduledTask : 2021-09-28T11:16:00.444 - 当前达到人数：26, 当前领取人数：26
[2021-09-28 11:16:00.456] [task-5] INFO  com.miniw.fesweb.task.ScheduledTask : 2021-09-28T11:16:00.456 - 当前达到人数：25, 当前领取人数：25
[2021-09-28 11:16:00.468] [task-5] INFO  com.miniw.fesweb.task.ScheduledTask : 2021-09-28T11:16:00.468 - 当前达到人数：23, 当前领取人数：23
[2021-09-28 11:16:00.481] [task-5] INFO  com.miniw.fesweb.task.ScheduledTask : 2021-09-28T11:16:00.480 - 当前达到人数：23, 当前领取人数：23
[2021-09-28 11:16:00.493] [task-5] INFO  com.miniw.fesweb.task.ScheduledTask : 2021-09-28T11:16:00.493 - 当前达到人数：20, 当前领取人数：20
[2021-09-28 11:16:00.504] [task-5] INFO  com.miniw.fesweb.task.ScheduledTask : 2021-09-28T11:16:00.504 - 当前达到人数：19, 当前领取人数：19
[2021-09-28 11:16:00.516] [task-5] INFO  com.miniw.fesweb.task.ScheduledTask : 2021-09-28T11:16:00.516 - 当前达到人数：18, 当前领取人数：18
[2021-09-28 11:16:59.999] [task-6] INFO  com.miniw.fesweb.task.ScheduledTask : 累计积分奖励产出情况任务执行 - 2021-09-28T11:16:59.999
[2021-09-28 11:17:00.000] [task-8] INFO  com.miniw.fesweb.task.ScheduledTask : time - 2021-09-28T11:17, threadName - task-8正在执行柳仙儿预售发放礼包任务
[2021-09-28 11:17:00.001] [task-2] INFO  com.miniw.fesweb.task.ScheduledTask : time - 2021-09-28T11:17, threadName - task-2正在执行月无双预售发放礼包任务
[2021-09-28 11:17:00.004] [task-6] INFO  com.miniw.fesweb.task.ScheduledTask : 2021-09-28T11:17:00.004 - 当前达到人数：56, 当前领取人数：56
[2021-09-28 11:17:00.052] [task-6] INFO  com.miniw.fesweb.task.ScheduledTask : 2021-09-28T11:17:00.052 - 当前达到人数：50, 当前领取人数：50
[2021-09-28 11:17:00.063] [task-6] INFO  com.miniw.fesweb.task.ScheduledTask : 2021-09-28T11:17:00.063 - 当前达到人数：44, 当前领取人数：44
[2021-09-28 11:17:00.075] [task-6] INFO  com.miniw.fesweb.task.ScheduledTask : 2021-09-28T11:17:00.075 - 当前达到人数：31, 当前领取人数：31
[2021-09-28 11:17:00.089] [task-6] INFO  com.miniw.fesweb.task.ScheduledTask : 2021-09-28T11:17:00.089 - 当前达到人数：28, 当前领取人数：28
[2021-09-28 11:17:00.101] [task-6] INFO  com.miniw.fesweb.task.ScheduledTask : 2021-09-28T11:17:00.101 - 当前达到人数：28, 当前领取人数：28
[2021-09-28 11:17:00.112] [task-6] INFO  com.miniw.fesweb.task.ScheduledTask : 2021-09-28T11:17:00.112 - 当前达到人数：26, 当前领取人数：26
[2021-09-28 11:17:00.125] [task-6] INFO  com.miniw.fesweb.task.ScheduledTask : 2021-09-28T11:17:00.125 - 当前达到人数：26, 当前领取人数：26
[2021-09-28 11:17:00.138] [task-6] INFO  com.miniw.fesweb.task.ScheduledTask : 2021-09-28T11:17:00.138 - 当前达到人数：26, 当前领取人数：26
[2021-09-28 11:17:00.149] [task-6] INFO  com.miniw.fesweb.task.ScheduledTask : 2021-09-28T11:17:00.149 - 当前达到人数：25, 当前领取人数：25
[2021-09-28 11:17:00.161] [task-6] INFO  com.miniw.fesweb.task.ScheduledTask : 2021-09-28T11:17:00.161 - 当前达到人数：23, 当前领取人数：23
[2021-09-28 11:17:00.174] [task-6] INFO  com.miniw.fesweb.task.ScheduledTask : 2021-09-28T11:17:00.174 - 当前达到人数：23, 当前领取人数：23
[2021-09-28 11:17:00.187] [task-6] INFO  com.miniw.fesweb.task.ScheduledTask : 2021-09-28T11:17:00.187 - 当前达到人数：20, 当前领取人数：20
[2021-09-28 11:17:00.198] [task-6] INFO  com.miniw.fesweb.task.ScheduledTask : 2021-09-28T11:17:00.198 - 当前达到人数：19, 当前领取人数：19
[2021-09-28 11:17:00.209] [task-6] INFO  com.miniw.fesweb.task.ScheduledTask : 2021-09-28T11:17:00.209 - 当前达到人数：18, 当前领取人数：18
[2021-09-28 11:18:00.000] [task-9] INFO  com.miniw.fesweb.task.ScheduledTask : time - 2021-09-28T11:18, threadName - task-9正在执行月无双预售发放礼包任务
[2021-09-28 11:18:00.001] [task-11] INFO  com.miniw.fesweb.task.ScheduledTask : time - 2021-09-28T11:18:00.001, threadName - task-11正在执行柳仙儿预售发放礼包任务
[2021-09-28 11:18:00.001] [task-7] INFO  com.miniw.fesweb.task.ScheduledTask : 累计积分奖励产出情况任务执行 - 2021-09-28T11:18:00.001
[2021-09-28 11:18:00.008] [task-7] INFO  com.miniw.fesweb.task.ScheduledTask : 2021-09-28T11:18:00.008 - 当前达到人数：56, 当前领取人数：56
[2021-09-28 11:18:00.058] [task-7] INFO  com.miniw.fesweb.task.ScheduledTask : 2021-09-28T11:18:00.058 - 当前达到人数：50, 当前领取人数：50
[2021-09-28 11:18:00.188] [task-7] INFO  com.miniw.fesweb.task.ScheduledTask : 2021-09-28T11:18:00.188 - 当前达到人数：44, 当前领取人数：44
[2021-09-28 11:18:00.203] [task-7] INFO  com.miniw.fesweb.task.ScheduledTask : 2021-09-28T11:18:00.203 - 当前达到人数：31, 当前领取人数：31
[2021-09-28 11:18:00.216] [task-7] INFO  com.miniw.fesweb.task.ScheduledTask : 2021-09-28T11:18:00.216 - 当前达到人数：28, 当前领取人数：28
[2021-09-28 11:18:00.231] [task-7] INFO  com.miniw.fesweb.task.ScheduledTask : 2021-09-28T11:18:00.231 - 当前达到人数：28, 当前领取人数：28
[2021-09-28 11:18:00.245] [task-7] INFO  com.miniw.fesweb.task.ScheduledTask : 2021-09-28T11:18:00.245 - 当前达到人数：26, 当前领取人数：26
[2021-09-28 11:18:00.259] [task-7] INFO  com.miniw.fesweb.task.ScheduledTask : 2021-09-28T11:18:00.259 - 当前达到人数：26, 当前领取人数：26
[2021-09-28 11:18:00.273] [task-7] INFO  com.miniw.fesweb.task.ScheduledTask : 2021-09-28T11:18:00.273 - 当前达到人数：26, 当前领取人数：26
[2021-09-28 11:18:00.287] [task-7] INFO  com.miniw.fesweb.task.ScheduledTask : 2021-09-28T11:18:00.287 - 当前达到人数：25, 当前领取人数：25
[2021-09-28 11:18:00.300] [task-7] INFO  com.miniw.fesweb.task.ScheduledTask : 2021-09-28T11:18:00.300 - 当前达到人数：23, 当前领取人数：23
[2021-09-28 11:18:00.314] [task-7] INFO  com.miniw.fesweb.task.ScheduledTask : 2021-09-28T11:18:00.314 - 当前达到人数：23, 当前领取人数：23
[2021-09-28 11:18:00.327] [task-7] INFO  com.miniw.fesweb.task.ScheduledTask : 2021-09-28T11:18:00.327 - 当前达到人数：20, 当前领取人数：20
[2021-09-28 11:18:00.341] [task-7] INFO  com.miniw.fesweb.task.ScheduledTask : 2021-09-28T11:18:00.341 - 当前达到人数：19, 当前领取人数：19
[2021-09-28 11:18:00.355] [task-7] INFO  com.miniw.fesweb.task.ScheduledTask : 2021-09-28T11:18:00.355 - 当前达到人数：18, 当前领取人数：18
[2021-09-28 11:19:00.001] [task-14] INFO  com.miniw.fesweb.task.ScheduledTask : time - 2021-09-28T11:19:00.001, threadName - task-14正在执行柳仙儿预售发放礼包任务
[2021-09-28 11:19:00.002] [task-10] INFO  com.miniw.fesweb.task.ScheduledTask : time - 2021-09-28T11:19:00.002, threadName - task-10正在执行月无双预售发放礼包任务
[2021-09-28 11:19:00.002] [task-9] INFO  com.miniw.fesweb.task.ScheduledTask : 累计积分奖励产出情况任务执行 - 2021-09-28T11:19:00.002
[2021-09-28 11:19:00.006] [task-9] INFO  com.miniw.fesweb.task.ScheduledTask : 2021-09-28T11:19:00.006 - 当前达到人数：56, 当前领取人数：56
[2021-09-28 11:19:00.050] [task-9] INFO  com.miniw.fesweb.task.ScheduledTask : 2021-09-28T11:19:00.050 - 当前达到人数：50, 当前领取人数：50
[2021-09-28 11:19:00.062] [task-9] INFO  com.miniw.fesweb.task.ScheduledTask : 2021-09-28T11:19:00.062 - 当前达到人数：44, 当前领取人数：44
[2021-09-28 11:19:00.075] [task-9] INFO  com.miniw.fesweb.task.ScheduledTask : 2021-09-28T11:19:00.075 - 当前达到人数：31, 当前领取人数：31
[2021-09-28 11:19:00.086] [task-9] INFO  com.miniw.fesweb.task.ScheduledTask : 2021-09-28T11:19:00.086 - 当前达到人数：28, 当前领取人数：28
[2021-09-28 11:19:00.100] [task-9] INFO  com.miniw.fesweb.task.ScheduledTask : 2021-09-28T11:19:00.100 - 当前达到人数：28, 当前领取人数：28
[2021-09-28 11:19:00.111] [task-9] INFO  com.miniw.fesweb.task.ScheduledTask : 2021-09-28T11:19:00.111 - 当前达到人数：26, 当前领取人数：26
[2021-09-28 11:19:00.123] [task-9] INFO  com.miniw.fesweb.task.ScheduledTask : 2021-09-28T11:19:00.123 - 当前达到人数：26, 当前领取人数：26
[2021-09-28 11:19:00.134] [task-9] INFO  com.miniw.fesweb.task.ScheduledTask : 2021-09-28T11:19:00.134 - 当前达到人数：26, 当前领取人数：26
[2021-09-28 11:19:00.146] [task-9] INFO  com.miniw.fesweb.task.ScheduledTask : 2021-09-28T11:19:00.146 - 当前达到人数：25, 当前领取人数：25
[2021-09-28 11:19:00.158] [task-9] INFO  com.miniw.fesweb.task.ScheduledTask : 2021-09-28T11:19:00.158 - 当前达到人数：23, 当前领取人数：23
[2021-09-28 11:19:00.170] [task-9] INFO  com.miniw.fesweb.task.ScheduledTask : 2021-09-28T11:19:00.170 - 当前达到人数：23, 当前领取人数：23
[2021-09-28 11:19:00.181] [task-9] INFO  com.miniw.fesweb.task.ScheduledTask : 2021-09-28T11:19:00.181 - 当前达到人数：20, 当前领取人数：20
[2021-09-28 11:19:00.193] [task-9] INFO  com.miniw.fesweb.task.ScheduledTask : 2021-09-28T11:19:00.193 - 当前达到人数：19, 当前领取人数：19
[2021-09-28 11:19:00.206] [task-9] INFO  com.miniw.fesweb.task.ScheduledTask : 2021-09-28T11:19:00.206 - 当前达到人数：18, 当前领取人数：18
[2021-09-28 11:20:00.003] [task-15] INFO  com.miniw.fesweb.task.ScheduledTask : 累计积分奖励产出情况任务执行 - 2021-09-28T11:20:00.003
[2021-09-28 11:20:00.004] [task-17] INFO  com.miniw.fesweb.task.ScheduledTask : time - 2021-09-28T11:20:00.004, threadName - task-17正在执行柳仙儿预售发放礼包任务
[2021-09-28 11:20:00.005] [task-19] INFO  com.miniw.fesweb.task.ScheduledTask : time - 2021-09-28T11:20:00.005, threadName - task-19正在执行月无双预售发放礼包任务
[2021-09-28 11:20:00.007] [task-15] INFO  com.miniw.fesweb.task.ScheduledTask : 2021-09-28T11:20:00.007 - 当前达到人数：56, 当前领取人数：56
[2021-09-28 11:20:00.078] [task-15] INFO  com.miniw.fesweb.task.ScheduledTask : 2021-09-28T11:20:00.078 - 当前达到人数：50, 当前领取人数：50
[2021-09-28 11:20:00.089] [task-15] INFO  com.miniw.fesweb.task.ScheduledTask : 2021-09-28T11:20:00.089 - 当前达到人数：44, 当前领取人数：44
[2021-09-28 11:20:00.100] [task-15] INFO  com.miniw.fesweb.task.ScheduledTask : 2021-09-28T11:20:00.100 - 当前达到人数：31, 当前领取人数：31
[2021-09-28 11:20:00.112] [task-15] INFO  com.miniw.fesweb.task.ScheduledTask : 2021-09-28T11:20:00.112 - 当前达到人数：28, 当前领取人数：28
[2021-09-28 11:20:00.125] [task-15] INFO  com.miniw.fesweb.task.ScheduledTask : 2021-09-28T11:20:00.125 - 当前达到人数：28, 当前领取人数：28
[2021-09-28 11:20:00.137] [task-15] INFO  com.miniw.fesweb.task.ScheduledTask : 2021-09-28T11:20:00.137 - 当前达到人数：26, 当前领取人数：26
[2021-09-28 11:20:00.148] [task-15] INFO  com.miniw.fesweb.task.ScheduledTask : 2021-09-28T11:20:00.148 - 当前达到人数：26, 当前领取人数：26
[2021-09-28 11:20:00.159] [task-15] INFO  com.miniw.fesweb.task.ScheduledTask : 2021-09-28T11:20:00.159 - 当前达到人数：26, 当前领取人数：26
[2021-09-28 11:20:00.170] [task-15] INFO  com.miniw.fesweb.task.ScheduledTask : 2021-09-28T11:20:00.170 - 当前达到人数：25, 当前领取人数：25
[2021-09-28 11:20:00.181] [task-15] INFO  com.miniw.fesweb.task.ScheduledTask : 2021-09-28T11:20:00.181 - 当前达到人数：23, 当前领取人数：23
[2021-09-28 11:20:00.192] [task-15] INFO  com.miniw.fesweb.task.ScheduledTask : 2021-09-28T11:20:00.192 - 当前达到人数：23, 当前领取人数：23
[2021-09-28 11:20:00.204] [task-15] INFO  com.miniw.fesweb.task.ScheduledTask : 2021-09-28T11:20:00.204 - 当前达到人数：20, 当前领取人数：20
[2021-09-28 11:20:00.215] [task-15] INFO  com.miniw.fesweb.task.ScheduledTask : 2021-09-28T11:20:00.215 - 当前达到人数：19, 当前领取人数：19
[2021-09-28 11:20:00.226] [task-15] INFO  com.miniw.fesweb.task.ScheduledTask : 2021-09-28T11:20:00.225 - 当前达到人数：18, 当前领取人数：18
[2021-09-28 11:21:00.000] [task-21] INFO  com.miniw.fesweb.task.ScheduledTask : time - 2021-09-28T11:21, threadName - task-21正在执行月无双预售发放礼包任务
[2021-09-28 11:21:00.000] [task-22] INFO  com.miniw.fesweb.task.ScheduledTask : time - 2021-09-28T11:21, threadName - task-22正在执行柳仙儿预售发放礼包任务
[2021-09-28 11:21:00.001] [task-18] INFO  com.miniw.fesweb.task.ScheduledTask : 累计积分奖励产出情况任务执行 - 2021-09-28T11:21:00.001
[2021-09-28 11:21:00.004] [task-18] INFO  com.miniw.fesweb.task.ScheduledTask : 2021-09-28T11:21:00.004 - 当前达到人数：56, 当前领取人数：56
[2021-09-28 11:21:00.048] [task-18] INFO  com.miniw.fesweb.task.ScheduledTask : 2021-09-28T11:21:00.048 - 当前达到人数：50, 当前领取人数：50
[2021-09-28 11:21:00.058] [task-18] INFO  com.miniw.fesweb.task.ScheduledTask : 2021-09-28T11:21:00.058 - 当前达到人数：44, 当前领取人数：44
[2021-09-28 11:21:00.069] [task-18] INFO  com.miniw.fesweb.task.ScheduledTask : 2021-09-28T11:21:00.069 - 当前达到人数：31, 当前领取人数：31
[2021-09-28 11:21:00.080] [task-18] INFO  com.miniw.fesweb.task.ScheduledTask : 2021-09-28T11:21:00.080 - 当前达到人数：28, 当前领取人数：28
[2021-09-28 11:21:00.093] [task-18] INFO  com.miniw.fesweb.task.ScheduledTask : 2021-09-28T11:21:00.093 - 当前达到人数：28, 当前领取人数：28
[2021-09-28 11:21:00.105] [task-18] INFO  com.miniw.fesweb.task.ScheduledTask : 2021-09-28T11:21:00.105 - 当前达到人数：26, 当前领取人数：26
[2021-09-28 11:21:00.117] [task-18] INFO  com.miniw.fesweb.task.ScheduledTask : 2021-09-28T11:21:00.117 - 当前达到人数：26, 当前领取人数：26
[2021-09-28 11:21:00.128] [task-18] INFO  com.miniw.fesweb.task.ScheduledTask : 2021-09-28T11:21:00.128 - 当前达到人数：26, 当前领取人数：26
[2021-09-28 11:21:00.141] [task-18] INFO  com.miniw.fesweb.task.ScheduledTask : 2021-09-28T11:21:00.141 - 当前达到人数：25, 当前领取人数：25
[2021-09-28 11:21:00.153] [task-18] INFO  com.miniw.fesweb.task.ScheduledTask : 2021-09-28T11:21:00.153 - 当前达到人数：23, 当前领取人数：23
[2021-09-28 11:21:00.168] [task-18] INFO  com.miniw.fesweb.task.ScheduledTask : 2021-09-28T11:21:00.168 - 当前达到人数：23, 当前领取人数：23
[2021-09-28 11:21:00.179] [task-18] INFO  com.miniw.fesweb.task.ScheduledTask : 2021-09-28T11:21:00.179 - 当前达到人数：20, 当前领取人数：20
[2021-09-28 11:21:00.190] [task-18] INFO  com.miniw.fesweb.task.ScheduledTask : 2021-09-28T11:21:00.190 - 当前达到人数：19, 当前领取人数：19
[2021-09-28 11:21:00.202] [task-18] INFO  com.miniw.fesweb.task.ScheduledTask : 2021-09-28T11:21:00.202 - 当前达到人数：18, 当前领取人数：18
